RUN	petstore.Petstore	petstore	1656235881684	 	3.7.6
USER	Petstore	START	1656235882472
USER	Petstore	START	1656235882672
REQUEST		Home	1656235882517	1656235882638	OK	 
REQUEST		Home	1656235882674	1656235882790	OK	 
USER	Petstore	START	1656235882871
REQUEST		Home	1656235882872	1656235882987	OK	 
USER	Petstore	START	1656235883072
REQUEST		Home	1656235883074	1656235883193	OK	 
USER	Petstore	START	1656235883272
REQUEST		Home	1656235883273	1656235883386	OK	 
REQUEST		Click 'enter the store' link	1656235883684	1656235883724	OK	 
REQUEST		Click 'enter the store' link	1656235883792	1656235883831	OK	 
REQUEST		Click 'enter the store' link	1656235883989	1656235884030	OK	 
REQUEST		Click 'enter the store' link	1656235884196	1656235884237	OK	 
REQUEST		Click 'enter the store' link	1656235884389	1656235884429	OK	 
REQUEST		Click on ‘Sign In’	1656235884743	1656235884783	OK	 
REQUEST		Click on ‘Sign In’	1656235884834	1656235884875	OK	 
REQUEST		Click on ‘Sign In’	1656235885032	1656235885073	OK	 
REQUEST		Click on ‘Sign In’	1656235885240	1656235885281	OK	 
REQUEST		Click on ‘Sign In’	1656235885433	1656235885472	OK	 
REQUEST		Click on 'register now’ link	1656235885787	1656235885829	OK	 
REQUEST		Click on 'register now’ link	1656235885878	1656235885917	OK	 
REQUEST		Click on 'register now’ link	1656235886077	1656235886119	OK	 
REQUEST		Click on 'register now’ link	1656235886285	1656235886327	OK	 
REQUEST		Click on 'register now’ link	1656235886475	1656235886515	OK	 
REQUEST		Register	1656235886848	1656235886888	OK	 
REQUEST		Register Redirect 1	1656235886891	1656235886930	OK	 
REQUEST		Register	1656235886921	1656235886961	OK	 
REQUEST		Register Redirect 1	1656235886962	1656235887000	OK	 
REQUEST		Register	1656235887122	1656235887165	OK	 
REQUEST		Register Redirect 1	1656235887166	1656235887205	OK	 
REQUEST		Register	1656235887332	1656235887373	OK	 
REQUEST		Register Redirect 1	1656235887374	1656235887413	OK	 
REQUEST		Register	1656235887518	1656235887556	OK	 
REQUEST		Register Redirect 1	1656235887557	1656235887595	OK	 
REQUEST		Login	1656235891933	1656235891972	OK	 
REQUEST		Login Redirect 1	1656235891973	1656235892012	OK	 
REQUEST		Login	1656235892002	1656235892039	OK	 
REQUEST		Login Redirect 1	1656235892040	1656235892078	OK	 
REQUEST		Login	1656235892208	1656235892247	OK	 
REQUEST		Login Redirect 1	1656235892249	1656235892288	OK	 
REQUEST		Login	1656235892416	1656235892455	OK	 
REQUEST		Login Redirect 1	1656235892456	1656235892495	OK	 
REQUEST		Login	1656235892598	1656235892636	OK	 
REQUEST		Login Redirect 1	1656235892637	1656235892674	OK	 
REQUEST		Click on 'Dogs' link	1656235894015	1656235894053	OK	 
REQUEST		Click on 'Dogs' link	1656235894080	1656235894118	OK	 
REQUEST		Click on 'Dogs' link	1656235894291	1656235894330	OK	 
REQUEST		Click on 'Dogs' link	1656235894497	1656235894535	OK	 
REQUEST		Click on 'Dogs' link	1656235894677	1656235894716	OK	 
REQUEST		Click on 'Poodle' link	1656235895056	1656235895096	OK	 
REQUEST		Click on 'Poodle' link	1656235895120	1656235895157	OK	 
REQUEST		Click on 'Poodle' link	1656235895333	1656235895372	OK	 
REQUEST		Click on 'Poodle' link	1656235895538	1656235895578	OK	 
REQUEST		Click on 'Poodle' link	1656235895718	1656235895756	OK	 
REQUEST		Add a ‘Male Puppy Poodle’ to cart	1656235896099	1656235896140	OK	 
REQUEST		Add a ‘Male Puppy Poodle’ to cart	1656235896160	1656235896198	OK	 
REQUEST		Add a ‘Male Puppy Poodle’ to cart	1656235896375	1656235896416	OK	 
REQUEST		Add a ‘Male Puppy Poodle’ to cart	1656235896580	1656235896621	OK	 
REQUEST		Add a ‘Male Puppy Poodle’ to cart	1656235896758	1656235896798	OK	 
REQUEST		Go to Checkout	1656235897143	1656235897183	OK	 
REQUEST		Enter Information and then continue	1656235897185	1656235897224	OK	 
REQUEST		Go to Checkout	1656235897200	1656235897240	OK	 
REQUEST		Enter Information and then continue	1656235897247	1656235897285	OK	 
REQUEST		Go to Checkout	1656235897418	1656235897458	OK	 
REQUEST		Enter Information and then continue	1656235897461	1656235897500	OK	 
REQUEST		Go to Checkout	1656235897622	1656235897662	OK	 
REQUEST		Enter Information and then continue	1656235897664	1656235897703	OK	 
REQUEST		Go to Checkout	1656235897801	1656235897839	OK	 
REQUEST		Enter Information and then continue	1656235897841	1656235897879	OK	 
REQUEST		Confirm	1656235902230	1656235902272	OK	 
REQUEST		Confirm	1656235902287	1656235902325	OK	 
REQUEST		Confirm	1656235902502	1656235902545	OK	 
REQUEST		Confirm	1656235902705	1656235902746	OK	 
REQUEST		Confirm	1656235902881	1656235902920	OK	 
REQUEST		Sign Out	1656235904275	1656235904312	OK	 
REQUEST		Sign Out Redirect 1	1656235904313	1656235904350	OK	 
REQUEST		Sign Out	1656235904327	1656235904371	OK	 
REQUEST		Sign Out Redirect 1	1656235904373	1656235904410	OK	 
REQUEST		Sign Out	1656235904547	1656235904585	OK	 
REQUEST		Sign Out Redirect 1	1656235904586	1656235904627	OK	 
REQUEST		Sign Out	1656235904748	1656235904787	OK	 
REQUEST		Sign Out Redirect 1	1656235904788	1656235904827	OK	 
REQUEST		Sign Out	1656235904922	1656235904967	OK	 
REQUEST		Sign Out Redirect 1	1656235904968	1656235905005	OK	 
USER	Petstore	END	1656236264357
USER	Petstore	START	1656236264359
USER	Petstore	END	1656236264411
USER	Petstore	START	1656236264413
REQUEST		Home	1656236264360	1656236264508	OK	 
REQUEST		Home	1656236264413	1656236264530	OK	 
USER	Petstore	END	1656236264629
USER	Petstore	START	1656236264630
REQUEST		Home	1656236264631	1656236264746	OK	 
USER	Petstore	END	1656236264829
USER	Petstore	START	1656236264831
REQUEST		Home	1656236264832	1656236264947	OK	 
USER	Petstore	END	1656236265006
USER	Petstore	START	1656236265007
REQUEST		Home	1656236265008	1656236265120	OK	 
REQUEST		Click 'enter the store' link	1656236265510	1656236265551	OK	 
REQUEST		Click 'enter the store' link	1656236265531	1656236265571	OK	 
REQUEST		Click 'enter the store' link	1656236265748	1656236265787	OK	 
REQUEST		Click 'enter the store' link	1656236265949	1656236265988	OK	 
REQUEST		Click 'enter the store' link	1656236266122	1656236266162	OK	 
REQUEST		Click on ‘Sign In’	1656236266554	1656236266594	OK	 
REQUEST		Click on ‘Sign In’	1656236266572	1656236266611	OK	 
REQUEST		Click on ‘Sign In’	1656236266790	1656236266829	OK	 
REQUEST		Click on ‘Sign In’	1656236266990	1656236267029	OK	 
REQUEST		Click on ‘Sign In’	1656236267165	1656236267204	OK	 
REQUEST		Click on 'register now’ link	1656236267596	1656236267637	OK	 
REQUEST		Click on 'register now’ link	1656236267612	1656236267651	OK	 
REQUEST		Click on 'register now’ link	1656236267831	1656236267870	OK	 
REQUEST		Click on 'register now’ link	1656236268031	1656236268070	OK	 
REQUEST		Click on 'register now’ link	1656236268206	1656236268247	OK	 
REQUEST		Register	1656236268641	1656236268681	OK	 
REQUEST		Register	1656236268653	1656236268691	OK	 
REQUEST		Register Redirect 1	1656236268682	1656236268720	OK	 
REQUEST		Register Redirect 1	1656236268692	1656236268730	OK	 
REQUEST		Register	1656236268874	1656236268912	OK	 
REQUEST		Register Redirect 1	1656236268913	1656236268950	OK	 
REQUEST		Register	1656236269074	1656236269113	OK	 
REQUEST		Register Redirect 1	1656236269113	1656236269150	OK	 
REQUEST		Register	1656236269248	1656236269286	OK	 
REQUEST		Register Redirect 1	1656236269287	1656236269324	OK	 
REQUEST		Login	1656236273722	1656236273760	OK	 
REQUEST		Login	1656236273732	1656236273769	OK	 
REQUEST		Login Redirect 1	1656236273762	1656236273799	OK	 
REQUEST		Login Redirect 1	1656236273770	1656236273808	OK	 
REQUEST		Login	1656236273953	1656236273990	OK	 
REQUEST		Login Redirect 1	1656236273991	1656236274028	OK	 
REQUEST		Login	1656236274153	1656236274189	OK	 
REQUEST		Login Redirect 1	1656236274190	1656236274227	OK	 
REQUEST		Login	1656236274326	1656236274365	OK	 
REQUEST		Login Redirect 1	1656236274366	1656236274404	OK	 
REQUEST		Click on 'Dogs' link	1656236275801	1656236275841	OK	 
REQUEST		Click on 'Dogs' link	1656236275809	1656236275849	OK	 
REQUEST		Click on 'Dogs' link	1656236276030	1656236276069	OK	 
REQUEST		Click on 'Dogs' link	1656236276229	1656236276268	OK	 
REQUEST		Click on 'Dogs' link	1656236276409	1656236276448	OK	 
REQUEST		Click on 'Poodle' link	1656236276843	1656236276883	OK	 
REQUEST		Click on 'Poodle' link	1656236276850	1656236276888	OK	 
REQUEST		Click on 'Poodle' link	1656236277071	1656236277108	OK	 
REQUEST		Click on 'Poodle' link	1656236277269	1656236277309	OK	 
REQUEST		Click on 'Poodle' link	1656236277450	1656236277489	OK	 
REQUEST		Add a ‘Male Puppy Poodle’ to cart	1656236277885	1656236277926	OK	 
REQUEST		Add a ‘Male Puppy Poodle’ to cart	1656236277890	1656236277929	OK	 
REQUEST		Add a ‘Male Puppy Poodle’ to cart	1656236278110	1656236278150	OK	 
REQUEST		Add a ‘Male Puppy Poodle’ to cart	1656236278313	1656236278351	OK	 
REQUEST		Add a ‘Male Puppy Poodle’ to cart	1656236278490	1656236278529	OK	 
REQUEST		Go to Checkout	1656236278928	1656236278968	OK	 
REQUEST		Go to Checkout	1656236278931	1656236278970	OK	 
REQUEST		Enter Information and then continue	1656236278969	1656236279009	OK	 
REQUEST		Enter Information and then continue	1656236278971	1656236279009	OK	 
REQUEST		Go to Checkout	1656236279153	1656236279192	OK	 
REQUEST		Enter Information and then continue	1656236279193	1656236279230	OK	 
REQUEST		Go to Checkout	1656236279353	1656236279391	OK	 
REQUEST		Enter Information and then continue	1656236279392	1656236279430	OK	 
REQUEST		Go to Checkout	1656236279531	1656236279569	OK	 
REQUEST		Enter Information and then continue	1656236279570	1656236279608	OK	 
REQUEST		Confirm	1656236284011	1656236284054	OK	 
REQUEST		Confirm	1656236284011	1656236284054	OK	 
REQUEST		Confirm	1656236284232	1656236284272	OK	 
REQUEST		Confirm	1656236284432	1656236284472	OK	 
REQUEST		Confirm	1656236284610	1656236284650	OK	 
REQUEST		Sign Out	1656236286056	1656236286094	OK	 
REQUEST		Sign Out	1656236286056	1656236286095	OK	 
REQUEST		Sign Out Redirect 1	1656236286094	1656236286132	OK	 
REQUEST		Sign Out Redirect 1	1656236286095	1656236286134	OK	 
REQUEST		Sign Out	1656236286274	1656236286310	OK	 
REQUEST		Sign Out Redirect 1	1656236286310	1656236286348	OK	 
REQUEST		Sign Out	1656236286475	1656236286512	OK	 
REQUEST		Sign Out Redirect 1	1656236286513	1656236286549	OK	 
REQUEST		Sign Out	1656236286651	1656236286689	OK	 
REQUEST		Sign Out Redirect 1	1656236286690	1656236286728	OK	 
USER	Petstore	END	1656236646134
USER	Petstore	END	1656236646135
USER	Petstore	START	1656236646136
USER	Petstore	START	1656236646136
REQUEST		Home	1656236646137	1656236646283	OK	 
REQUEST		Home	1656236646136	1656236646283	OK	 
USER	Petstore	END	1656236646349
USER	Petstore	START	1656236646349
REQUEST		Home	1656236646349	1656236646460	OK	 
USER	Petstore	END	1656236646551
USER	Petstore	START	1656236646552
REQUEST		Home	1656236646553	1656236646668	OK	 
USER	Petstore	END	1656236646729
USER	Petstore	START	1656236646731
REQUEST		Home	1656236646732	1656236646844	OK	 
REQUEST		Click 'enter the store' link	1656236647285	1656236647325	OK	 
REQUEST		Click 'enter the store' link	1656236647285	1656236647325	OK	 
REQUEST		Click 'enter the store' link	1656236647461	1656236647498	OK	 
REQUEST		Click 'enter the store' link	1656236647669	1656236647709	OK	 
REQUEST		Click 'enter the store' link	1656236647846	1656236647885	OK	 
REQUEST		Click on ‘Sign In’	1656236648327	1656236648367	OK	 
REQUEST		Click on ‘Sign In’	1656236648327	1656236648368	OK	 
REQUEST		Click on ‘Sign In’	1656236648500	1656236648537	OK	 
REQUEST		Click on ‘Sign In’	1656236648711	1656236648751	OK	 
REQUEST		Click on ‘Sign In’	1656236648887	1656236648926	OK	 
REQUEST		Click on 'register now’ link	1656236649369	1656236649414	OK	 
REQUEST		Click on 'register now’ link	1656236649370	1656236649414	OK	 
REQUEST		Click on 'register now’ link	1656236649539	1656236649578	OK	 
REQUEST		Click on 'register now’ link	1656236649753	1656236649793	OK	 
REQUEST		Click on 'register now’ link	1656236649928	1656236649967	OK	 
REQUEST		Register	1656236650416	1656236650455	OK	 
REQUEST		Register	1656236650417	1656236650455	OK	 
REQUEST		Register Redirect 1	1656236650456	1656236650495	OK	 
REQUEST		Register Redirect 1	1656236650456	1656236650495	OK	 
REQUEST		Register	1656236650581	1656236650618	OK	 
REQUEST		Register Redirect 1	1656236650619	1656236650656	OK	 
REQUEST		Register	1656236650795	1656236650834	OK	 
REQUEST		Register Redirect 1	1656236650834	1656236650873	OK	 
REQUEST		Register	1656236650968	1656236651005	OK	 
REQUEST		Register Redirect 1	1656236651006	1656236651043	OK	 
REQUEST		Login	1656236655497	1656236655536	OK	 
REQUEST		Login	1656236655497	1656236655536	OK	 
REQUEST		Login Redirect 1	1656236655536	1656236655575	OK	 
REQUEST		Login Redirect 1	1656236655537	1656236655576	OK	 
REQUEST		Login	1656236655657	1656236655693	OK	 
REQUEST		Login Redirect 1	1656236655694	1656236655731	OK	 
REQUEST		Login	1656236655874	1656236655913	OK	 
REQUEST		Login Redirect 1	1656236655914	1656236655952	OK	 
REQUEST		Login	1656236656044	1656236656081	OK	 
REQUEST		Login Redirect 1	1656236656081	1656236656118	OK	 
REQUEST		Click on 'Dogs' link	1656236657576	1656236657615	OK	 
REQUEST		Click on 'Dogs' link	1656236657577	1656236657617	OK	 
REQUEST		Click on 'Dogs' link	1656236657733	1656236657772	OK	 
REQUEST		Click on 'Dogs' link	1656236657953	1656236657992	OK	 
REQUEST		Click on 'Dogs' link	1656236658120	1656236658160	OK	 
REQUEST		Click on 'Poodle' link	1656236658617	1656236658657	OK	 
REQUEST		Click on 'Poodle' link	1656236658619	1656236658659	OK	 
REQUEST		Click on 'Poodle' link	1656236658773	1656236658810	OK	 
REQUEST		Click on 'Poodle' link	1656236658994	1656236659034	OK	 
REQUEST		Click on 'Poodle' link	1656236659161	1656236659200	OK	 
REQUEST		Add a ‘Male Puppy Poodle’ to cart	1656236659661	1656236659701	OK	 
REQUEST		Add a ‘Male Puppy Poodle’ to cart	1656236659659	1656236659701	OK	 
REQUEST		Add a ‘Male Puppy Poodle’ to cart	1656236659811	1656236659850	OK	 
REQUEST		Add a ‘Male Puppy Poodle’ to cart	1656236660035	1656236660075	OK	 
REQUEST		Add a ‘Male Puppy Poodle’ to cart	1656236660201	1656236660241	OK	 
REQUEST		Go to Checkout	1656236660703	1656236660745	OK	 
REQUEST		Go to Checkout	1656236660703	1656236660745	OK	 
REQUEST		Enter Information and then continue	1656236660746	1656236660787	OK	 
REQUEST		Enter Information and then continue	1656236660746	1656236660788	OK	 
REQUEST		Go to Checkout	1656236660851	1656236660889	OK	 
REQUEST		Enter Information and then continue	1656236660890	1656236660928	OK	 
REQUEST		Go to Checkout	1656236661077	1656236661117	OK	 
REQUEST		Enter Information and then continue	1656236661118	1656236661158	OK	 
REQUEST		Go to Checkout	1656236661242	1656236661281	OK	 
REQUEST		Enter Information and then continue	1656236661282	1656236661320	OK	 
REQUEST		Confirm	1656236665789	1656236665831	OK	 
REQUEST		Confirm	1656236665789	1656236665833	OK	 
REQUEST		Confirm	1656236665929	1656236665968	OK	 
REQUEST		Confirm	1656236666159	1656236666200	OK	 
REQUEST		Confirm	1656236666322	1656236666362	OK	 
REQUEST		Sign Out	1656236667835	1656236667871	OK	 
REQUEST		Sign Out	1656236667833	1656236667871	OK	 
REQUEST		Sign Out Redirect 1	1656236667872	1656236667910	OK	 
REQUEST		Sign Out Redirect 1	1656236667872	1656236667911	OK	 
REQUEST		Sign Out	1656236667969	1656236668005	OK	 
REQUEST		Sign Out Redirect 1	1656236668006	1656236668042	OK	 
REQUEST		Sign Out	1656236668202	1656236668240	OK	 
REQUEST		Sign Out Redirect 1	1656236668240	1656236668278	OK	 
REQUEST		Sign Out	1656236668364	1656236668400	OK	 
REQUEST		Sign Out Redirect 1	1656236668400	1656236668438	OK	 
USER	Petstore	END	1656237027914
USER	Petstore	END	1656237027914
USER	Petstore	START	1656237027916
USER	Petstore	START	1656237027916
USER	Petstore	END	1656237028044
USER	Petstore	START	1656237028045
REQUEST		Home	1656237027917	1656237028054	OK	 
REQUEST		Home	1656237027917	1656237028057	OK	 
REQUEST		Home	1656237028046	1656237028158	OK	 
USER	Petstore	END	1656237028280
USER	Petstore	START	1656237028281
REQUEST		Home	1656237028282	1656237028398	OK	 
USER	Petstore	END	1656237028439
USER	Petstore	START	1656237028439
REQUEST		Home	1656237028440	1656237028552	OK	 
REQUEST		Click 'enter the store' link	1656237029055	1656237029094	OK	 
REQUEST		Click 'enter the store' link	1656237029058	1656237029096	OK	 
REQUEST		Click 'enter the store' link	1656237029159	1656237029197	OK	 
REQUEST		Click 'enter the store' link	1656237029399	1656237029440	OK	 
REQUEST		Click 'enter the store' link	1656237029554	1656237029593	OK	 
REQUEST		Click on ‘Sign In’	1656237030096	1656237030135	OK	 
REQUEST		Click on ‘Sign In’	1656237030098	1656237030138	OK	 
REQUEST		Click on ‘Sign In’	1656237030199	1656237030237	OK	 
REQUEST		Click on ‘Sign In’	1656237030441	1656237030480	OK	 
REQUEST		Click on ‘Sign In’	1656237030595	1656237030634	OK	 
REQUEST		Click on 'register now’ link	1656237031136	1656237031176	OK	 
REQUEST		Click on 'register now’ link	1656237031139	1656237031179	OK	 
REQUEST		Click on 'register now’ link	1656237031238	1656237031276	OK	 
REQUEST		Click on 'register now’ link	1656237031481	1656237031521	OK	 
REQUEST		Click on 'register now’ link	1656237031635	1656237031673	OK	 
REQUEST		Register	1656237032178	1656237032215	OK	 
REQUEST		Register	1656237032181	1656237032218	OK	 
REQUEST		Register Redirect 1	1656237032215	1656237032252	OK	 
REQUEST		Register Redirect 1	1656237032219	1656237032256	OK	 
REQUEST		Register	1656237032278	1656237032314	OK	 
REQUEST		Register Redirect 1	1656237032315	1656237032351	OK	 
REQUEST		Register	1656237032524	1656237032563	OK	 
REQUEST		Register Redirect 1	1656237032564	1656237032602	OK	 
REQUEST		Register	1656237032676	1656237032715	OK	 
REQUEST		Register Redirect 1	1656237032715	1656237032753	OK	 
REQUEST		Login	1656237037254	1656237037291	OK	 
REQUEST		Login	1656237037258	1656237037294	OK	 
REQUEST		Login Redirect 1	1656237037291	1656237037329	OK	 
REQUEST		Login Redirect 1	1656237037295	1656237037334	OK	 
REQUEST		Login	1656237037352	1656237037388	OK	 
REQUEST		Login Redirect 1	1656237037389	1656237037426	OK	 
REQUEST		Login	1656237037603	1656237037641	OK	 
REQUEST		Login Redirect 1	1656237037641	1656237037679	OK	 
REQUEST		Login	1656237037754	1656237037791	OK	 
REQUEST		Login Redirect 1	1656237037791	1656237037829	OK	 
REQUEST		Click on 'Dogs' link	1656237039331	1656237039369	OK	 
REQUEST		Click on 'Dogs' link	1656237039335	1656237039373	OK	 
REQUEST		Click on 'Dogs' link	1656237039428	1656237039465	OK	 
REQUEST		Click on 'Dogs' link	1656237039681	1656237039720	OK	 
REQUEST		Click on 'Dogs' link	1656237039830	1656237039869	OK	 
REQUEST		Click on 'Poodle' link	1656237040371	1656237040408	OK	 
REQUEST		Click on 'Poodle' link	1656237040374	1656237040412	OK	 
REQUEST		Click on 'Poodle' link	1656237040466	1656237040504	OK	 
REQUEST		Click on 'Poodle' link	1656237040721	1656237040761	OK	 
REQUEST		Click on 'Poodle' link	1656237040870	1656237040911	OK	 
REQUEST		Add a ‘Male Puppy Poodle’ to cart	1656237041410	1656237041453	OK	 
REQUEST		Add a ‘Male Puppy Poodle’ to cart	1656237041414	1656237041455	OK	 
REQUEST		Add a ‘Male Puppy Poodle’ to cart	1656237041504	1656237041542	OK	 
REQUEST		Add a ‘Male Puppy Poodle’ to cart	1656237041763	1656237041802	OK	 
REQUEST		Add a ‘Male Puppy Poodle’ to cart	1656237041915	1656237041954	OK	 
REQUEST		Go to Checkout	1656237042454	1656237042492	OK	 
REQUEST		Go to Checkout	1656237042456	1656237042495	OK	 
REQUEST		Enter Information and then continue	1656237042493	1656237042534	OK	 
REQUEST		Enter Information and then continue	1656237042496	1656237042536	OK	 
REQUEST		Go to Checkout	1656237042543	1656237042580	OK	 
REQUEST		Enter Information and then continue	1656237042581	1656237042619	OK	 
REQUEST		Go to Checkout	1656237042803	1656237042843	OK	 
REQUEST		Enter Information and then continue	1656237042844	1656237042884	OK	 
REQUEST		Go to Checkout	1656237042956	1656237042994	OK	 
REQUEST		Enter Information and then continue	1656237042995	1656237043033	OK	 
REQUEST		Confirm	1656237047535	1656237047573	OK	 
REQUEST		Confirm	1656237047537	1656237047577	OK	 
REQUEST		Confirm	1656237047620	1656237047658	OK	 
REQUEST		Confirm	1656237047885	1656237047925	OK	 
REQUEST		Confirm	1656237048034	1656237048075	OK	 
REQUEST		Sign Out	1656237049575	1656237049612	OK	 
REQUEST		Sign Out	1656237049578	1656237049615	OK	 
REQUEST		Sign Out Redirect 1	1656237049612	1656237049649	OK	 
REQUEST		Sign Out Redirect 1	1656237049615	1656237049653	OK	 
REQUEST		Sign Out	1656237049659	1656237049694	OK	 
REQUEST		Sign Out Redirect 1	1656237049695	1656237049731	OK	 
REQUEST		Sign Out	1656237049927	1656237049965	OK	 
REQUEST		Sign Out Redirect 1	1656237049965	1656237050003	OK	 
REQUEST		Sign Out	1656237050076	1656237050112	OK	 
REQUEST		Sign Out Redirect 1	1656237050113	1656237050151	OK	 
USER	Petstore	END	1656237409651
USER	Petstore	END	1656237409655
USER	Petstore	START	1656237409653
USER	Petstore	START	1656237409657
USER	Petstore	END	1656237409732
USER	Petstore	START	1656237409732
REQUEST		Home	1656237409657	1656237409799	OK	 
REQUEST		Home	1656237409654	1656237409799	OK	 
REQUEST		Home	1656237409732	1656237409843	OK	 
USER	Petstore	END	1656237410004
USER	Petstore	START	1656237410005
REQUEST		Home	1656237410006	1656237410118	OK	 
USER	Petstore	END	1656237410152
USER	Petstore	START	1656237410152
REQUEST		Home	1656237410152	1656237410263	OK	 
REQUEST		Click 'enter the store' link	1656237410801	1656237410840	OK	 
REQUEST		Click 'enter the store' link	1656237410801	1656237410840	OK	 
REQUEST		Click 'enter the store' link	1656237410843	1656237410881	OK	 
REQUEST		Click 'enter the store' link	1656237411119	1656237411158	OK	 
REQUEST		Click 'enter the store' link	1656237411264	1656237411303	OK	 
REQUEST		Click on ‘Sign In’	1656237411885	1656237411923	OK	 
REQUEST		Click on ‘Sign In’	1656237411885	1656237411924	OK	 
REQUEST		Click on ‘Sign In’	1656237411887	1656237411925	OK	 
REQUEST		Click on ‘Sign In’	1656237412160	1656237412198	OK	 
REQUEST		Click on ‘Sign In’	1656237412305	1656237412343	OK	 
REQUEST		Click on 'register now’ link	1656237412925	1656237412965	OK	 
REQUEST		Click on 'register now’ link	1656237412925	1656237412965	OK	 
REQUEST		Click on 'register now’ link	1656237412927	1656237412966	OK	 
REQUEST		Click on 'register now’ link	1656237413199	1656237413237	OK	 
REQUEST		Click on 'register now’ link	1656237413343	1656237413382	OK	 
REQUEST		Register	1656237413968	1656237414006	OK	 
REQUEST		Register	1656237413969	1656237414006	OK	 
REQUEST		Register	1656237413971	1656237414008	OK	 
REQUEST		Register Redirect 1	1656237414007	1656237414043	OK	 
REQUEST		Register Redirect 1	1656237414007	1656237414044	OK	 
REQUEST		Register Redirect 1	1656237414008	1656237414046	OK	 
REQUEST		Register	1656237414240	1656237414278	OK	 
REQUEST		Register Redirect 1	1656237414278	1656237414315	OK	 
REQUEST		Register	1656237414385	1656237414422	OK	 
REQUEST		Register Redirect 1	1656237414422	1656237414460	OK	 
REQUEST		Login	1656237419045	1656237419083	OK	 
REQUEST		Login	1656237419045	1656237419083	OK	 
REQUEST		Login	1656237419047	1656237419084	OK	 
REQUEST		Login Redirect 1	1656237419084	1656237419121	OK	 
REQUEST		Login Redirect 1	1656237419084	1656237419122	OK	 
REQUEST		Login Redirect 1	1656237419085	1656237419122	OK	 
REQUEST		Login	1656237419316	1656237419354	OK	 
REQUEST		Login Redirect 1	1656237419354	1656237419391	OK	 
REQUEST		Login	1656237419461	1656237419498	OK	 
REQUEST		Login Redirect 1	1656237419498	1656237419535	OK	 
REQUEST		Click on 'Dogs' link	1656237421122	1656237421161	OK	 
REQUEST		Click on 'Dogs' link	1656237421124	1656237421161	OK	 
REQUEST		Click on 'Dogs' link	1656237421124	1656237421163	OK	 
REQUEST		Click on 'Dogs' link	1656237421393	1656237421432	OK	 
REQUEST		Click on 'Dogs' link	1656237421537	1656237421575	OK	 
REQUEST		Click on 'Poodle' link	1656237422162	1656237422201	OK	 
REQUEST		Click on 'Poodle' link	1656237422164	1656237422202	OK	 
REQUEST		Click on 'Poodle' link	1656237422162	1656237422202	OK	 
REQUEST		Click on 'Poodle' link	1656237422433	1656237422471	OK	 
REQUEST		Click on 'Poodle' link	1656237422576	1656237422613	OK	 
REQUEST		Add a ‘Male Puppy Poodle’ to cart	1656237423204	1656237423242	OK	 
REQUEST		Add a ‘Male Puppy Poodle’ to cart	1656237423203	1656237423242	OK	 
REQUEST		Add a ‘Male Puppy Poodle’ to cart	1656237423202	1656237423242	OK	 
REQUEST		Add a ‘Male Puppy Poodle’ to cart	1656237423472	1656237423512	OK	 
REQUEST		Add a ‘Male Puppy Poodle’ to cart	1656237423614	1656237423653	OK	 
REQUEST		Go to Checkout	1656237424243	1656237424284	OK	 
REQUEST		Go to Checkout	1656237424243	1656237424284	OK	 
REQUEST		Go to Checkout	1656237424243	1656237424285	OK	 
REQUEST		Enter Information and then continue	1656237424286	1656237424323	OK	 
REQUEST		Enter Information and then continue	1656237424286	1656237424325	OK	 
REQUEST		Enter Information and then continue	1656237424285	1656237424325	OK	 
REQUEST		Go to Checkout	1656237424513	1656237424552	OK	 
REQUEST		Enter Information and then continue	1656237424553	1656237424590	OK	 
REQUEST		Go to Checkout	1656237424654	1656237424692	OK	 
REQUEST		Enter Information and then continue	1656237424693	1656237424730	OK	 
REQUEST		Confirm	1656237429325	1656237429367	OK	 
REQUEST		Confirm	1656237429326	1656237429401	KO	status.find.is(200), but actually found 500
REQUEST		Confirm	1656237429326	1656237429404	KO	status.find.is(200), but actually found 500
REQUEST		Confirm	1656237429592	1656237429631	OK	 
REQUEST		Confirm	1656237429732	1656237429773	OK	 
REQUEST		Sign Out	1656237431369	1656237431405	OK	 
REQUEST		Sign Out Redirect 1	1656237431405	1656237431442	OK	 
REQUEST		Sign Out	1656237431427	1656237431462	OK	 
REQUEST		Sign Out	1656237431427	1656237431463	OK	 
REQUEST		Sign Out Redirect 1	1656237431462	1656237431500	OK	 
REQUEST		Sign Out Redirect 1	1656237431464	1656237431501	OK	 
REQUEST		Sign Out	1656237431633	1656237431669	OK	 
REQUEST		Sign Out Redirect 1	1656237431669	1656237431706	OK	 
REQUEST		Sign Out	1656237431774	1656237431811	OK	 
REQUEST		Sign Out Redirect 1	1656237431811	1656237431848	OK	 
USER	Petstore	END	1656237791443
USER	Petstore	END	1656237791501
USER	Petstore	END	1656237791502
USER	Petstore	END	1656237791707
USER	Petstore	END	1656237791850
